
[Mon, 27 Jul 2020 16:10:01 -0400]
Notifications sent: 0
Message: Как прошел твой день? Сделай об этом запись в дневнике!

[Mon, 27 Jul 2020 16:20:02 -0400]
Notifications sent: 0
Message: Как прошел твой день? Сделай об этом запись в дневнике!

[Mon, 27 Jul 2020 16:30:02 -0400]
Notifications sent: 0
Message: Как прошел твой день? Сделай об этом запись в дневнике!

[Mon, 27 Jul 2020 16:40:02 -0400]
Notifications sent: 0
Message: Как прошел твой день? Сделай об этом запись в дневнике!

[Mon, 27 Jul 2020 16:50:02 -0400]
Notifications sent: 0
Message: Как прошел твой день? Сделай об этом запись в дневнике!

[Mon, 27 Jul 2020 17:00:03 -0400]
Notifications sent: 0
Message: Как прошел твой день? Сделай об этом запись в дневнике!

[Mon, 27 Jul 2020 17:10:02 -0400]
Notifications sent: 0
Message: Как прошел твой день? Сделай об этом запись в дневнике!

[Mon, 27 Jul 2020 17:20:01 -0400]
Notifications sent: 0
Message: Как прошел твой день? Сделай об этом запись в дневнике!

[Mon, 27 Jul 2020 17:30:03 -0400]
Notifications sent: 0
Message: Как прошел твой день? Сделай об этом запись в дневнике!

[Mon, 27 Jul 2020 17:40:02 -0400]
Notifications sent: 0
Message: Как прошел твой день? Сделай об этом запись в дневнике!

[Mon, 27 Jul 2020 17:50:02 -0400]
Notifications sent: 0
Message: Как прошел твой день? Сделай об этом запись в дневнике!

[Mon, 27 Jul 2020 18:00:03 -0400]
Notifications sent: 0
Message: Как прошел твой день? Сделай об этом запись в дневнике!

[Mon, 27 Jul 2020 18:10:02 -0400]
Notifications sent: 0
Message: Как прошел твой день? Сделай об этом запись в дневнике!

[Mon, 27 Jul 2020 18:20:03 -0400]
Notifications sent: 0
Message: Как прошел твой день? Сделай об этом запись в дневнике!

[Mon, 27 Jul 2020 18:30:02 -0400]
Notifications sent: 0
Message: Как прошел твой день? Сделай об этом запись в дневнике!

[Mon, 27 Jul 2020 18:40:02 -0400]
Notifications sent: 0
Message: Как прошел твой день? Сделай об этом запись в дневнике!

[Mon, 27 Jul 2020 18:50:01 -0400]
Notifications sent: 0
Message: Как прошел твой день? Сделай об этом запись в дневнике!

[Mon, 27 Jul 2020 19:00:02 -0400]
Notifications sent: 0
Message: Как прошел твой день? Сделай об этом запись в дневнике!

[Mon, 27 Jul 2020 19:10:01 -0400]
Notifications sent: 0
Message: Как прошел твой день? Сделай об этом запись в дневнике!

[Mon, 27 Jul 2020 19:20:02 -0400]
Notifications sent: 0
Message: Как прошел твой день? Сделай об этом запись в дневнике!

[Mon, 27 Jul 2020 19:30:01 -0400]
Notifications sent: 0
Message: Как прошел твой день? Сделай об этом запись в дневнике!

[Mon, 27 Jul 2020 19:40:02 -0400]
Notifications sent: 0
Message: Как прошел твой день? Сделай об этом запись в дневнике!

[Mon, 27 Jul 2020 19:50:01 -0400]
Notifications sent: 0
Message: Как прошел твой день? Сделай об этом запись в дневнике!

[Mon, 27 Jul 2020 20:00:03 -0400]
Notifications sent: 0
Message: Как прошел твой день? Сделай об этом запись в дневнике!

[Mon, 27 Jul 2020 20:10:02 -0400]
Notifications sent: 0
Message: Как прошел твой день? Сделай об этом запись в дневнике!

[Mon, 27 Jul 2020 20:20:02 -0400]
Notifications sent: 0
Message: Как прошел твой день? Сделай об этом запись в дневнике!

[Mon, 27 Jul 2020 20:30:02 -0400]
Notifications sent: 0
Message: Как прошел твой день? Сделай об этом запись в дневнике!

[Mon, 27 Jul 2020 20:40:02 -0400]
Notifications sent: 0
Message: Как прошел твой день? Сделай об этом запись в дневнике!

[Mon, 27 Jul 2020 20:50:02 -0400]
Notifications sent: 0
Message: Как прошел твой день? Сделай об этом запись в дневнике!

[Mon, 27 Jul 2020 21:00:02 -0400]
Notifications sent: 0
Message: Как прошел твой день? Сделай об этом запись в дневнике!

[Mon, 27 Jul 2020 21:10:01 -0400]
Notifications sent: 0
Message: Как прошел твой день? Сделай об этом запись в дневнике!

[Mon, 27 Jul 2020 21:20:02 -0400]
Notifications sent: 0
Message: Как прошел твой день? Сделай об этом запись в дневнике!

[Mon, 27 Jul 2020 21:30:01 -0400]
Notifications sent: 0
Message: Как прошел твой день? Сделай об этом запись в дневнике!

[Mon, 27 Jul 2020 21:40:03 -0400]
Notifications sent: 0
Message: Как прошел твой день? Сделай об этом запись в дневнике!

[Mon, 27 Jul 2020 21:50:01 -0400]
Notifications sent: 0
Message: Как прошел твой день? Сделай об этом запись в дневнике!

[Mon, 27 Jul 2020 22:00:02 -0400]
Notifications sent: 0
Message: Как прошел твой день? Сделай об этом запись в дневнике!

[Mon, 27 Jul 2020 22:10:02 -0400]
Notifications sent: 0
Message: Как прошел твой день? Сделай об этом запись в дневнике!

[Mon, 27 Jul 2020 22:20:02 -0400]
Notifications sent: 0
Message: Как прошел твой день? Сделай об этом запись в дневнике!

[Mon, 27 Jul 2020 22:30:02 -0400]
Notifications sent: 0
Message: Как прошел твой день? Сделай об этом запись в дневнике!

[Mon, 27 Jul 2020 22:40:02 -0400]
Notifications sent: 0
Message: Как прошел твой день? Сделай об этом запись в дневнике!

[Mon, 27 Jul 2020 22:50:02 -0400]
Notifications sent: 0
Message: Как прошел твой день? Сделай об этом запись в дневнике!

[Mon, 27 Jul 2020 23:00:02 -0400]
Notifications sent: 0
Message: Как прошел твой день? Сделай об этом запись в дневнике!

[Mon, 27 Jul 2020 23:10:02 -0400]
Notifications sent: 0
Message: Как прошел твой день? Сделай об этом запись в дневнике!

[Mon, 27 Jul 2020 23:20:02 -0400]
Notifications sent: 0
Message: Как прошел твой день? Сделай об этом запись в дневнике!

[Mon, 27 Jul 2020 23:30:02 -0400]
Notifications sent: 0
Message: Как прошел твой день? Сделай об этом запись в дневнике!

[Mon, 27 Jul 2020 23:40:01 -0400]
Notifications sent: 0
Message: Как прошел твой день? Сделай об этом запись в дневнике!

[Mon, 27 Jul 2020 23:50:01 -0400]
Notifications sent: 0
Message: Как прошел твой день? Сделай об этом запись в дневнике!

[Tue, 28 Jul 2020 00:00:03 -0400]
Notifications sent: 0
Message: Как прошел твой день? Сделай об этом запись в дневнике!

[Tue, 28 Jul 2020 00:10:02 -0400]
Notifications sent: 0
Message: Как прошел твой день? Сделай об этом запись в дневнике!

[Tue, 28 Jul 2020 00:20:01 -0400]
Notifications sent: 0
Message: Как прошел твой день? Сделай об этом запись в дневнике!

[Tue, 28 Jul 2020 00:30:02 -0400]
Notifications sent: 0
Message: Как прошел твой день? Сделай об этом запись в дневнике!

[Tue, 28 Jul 2020 00:40:02 -0400]
Notifications sent: 0
Message: Как прошел твой день? Сделай об этом запись в дневнике!

[Tue, 28 Jul 2020 00:50:01 -0400]
Notifications sent: 0
Message: Как прошел твой день? Сделай об этом запись в дневнике!

[Tue, 28 Jul 2020 01:00:01 -0400]
Notifications sent: 0
Message: Как прошел твой день? Сделай об этом запись в дневнике!

[Tue, 28 Jul 2020 01:10:02 -0400]
Notifications sent: 0
Message: Как прошел твой день? Сделай об этом запись в дневнике!

[Tue, 28 Jul 2020 01:20:01 -0400]
Notifications sent: 0
Message: Как прошел твой день? Сделай об этом запись в дневнике!

[Tue, 28 Jul 2020 01:30:01 -0400]
Notifications sent: 0
Message: Как прошел твой день? Сделай об этом запись в дневнике!

[Tue, 28 Jul 2020 01:40:02 -0400]
Notifications sent: 0
Message: Как прошел твой день? Сделай об этом запись в дневнике!

[Tue, 28 Jul 2020 01:50:02 -0400]
Notifications sent: 0
Message: Как прошел твой день? Сделай об этом запись в дневнике!

[Tue, 28 Jul 2020 02:00:02 -0400]
Notifications sent: 0
Message: Как прошел твой день? Сделай об этом запись в дневнике!

[Tue, 28 Jul 2020 02:10:02 -0400]
Notifications sent: 0
Message: Как прошел твой день? Сделай об этом запись в дневнике!

[Tue, 28 Jul 2020 02:20:01 -0400]
Notifications sent: 0
Message: Как прошел твой день? Сделай об этом запись в дневнике!

[Tue, 28 Jul 2020 02:30:03 -0400]
Notifications sent: 0
Message: Как прошел твой день? Сделай об этом запись в дневнике!

[Tue, 28 Jul 2020 02:40:03 -0400]
Notifications sent: 0
Message: Как прошел твой день? Сделай об этом запись в дневнике!

[Tue, 28 Jul 2020 02:50:02 -0400]
Notifications sent: 0
Message: Как прошел твой день? Сделай об этом запись в дневнике!

[Tue, 28 Jul 2020 03:00:01 -0400]
Notifications sent: 0
Message: Как прошел твой день? Сделай об этом запись в дневнике!

[Tue, 28 Jul 2020 03:10:02 -0400]
Notifications sent: 0
Message: Как прошел твой день? Сделай об этом запись в дневнике!

[Tue, 28 Jul 2020 03:20:02 -0400]
Notifications sent: 0
Message: Как прошел твой день? Сделай об этом запись в дневнике!

[Tue, 28 Jul 2020 03:30:02 -0400]
Notifications sent: 0
Message: Как прошел твой день? Сделай об этом запись в дневнике!

[Tue, 28 Jul 2020 03:40:02 -0400]
Notifications sent: 0
Message: Как прошел твой день? Сделай об этом запись в дневнике!

[Tue, 28 Jul 2020 03:50:01 -0400]
Notifications sent: 0
Message: Как прошел твой день? Сделай об этом запись в дневнике!

[Tue, 28 Jul 2020 04:00:02 -0400]
Notifications sent: 0
Message: Как прошел твой день? Сделай об этом запись в дневнике!

[Tue, 28 Jul 2020 04:10:02 -0400]
Notifications sent: 0
Message: Как прошел твой день? Сделай об этом запись в дневнике!

[Tue, 28 Jul 2020 04:20:02 -0400]
Notifications sent: 0
Message: Как прошел твой день? Сделай об этом запись в дневнике!

[Tue, 28 Jul 2020 04:30:02 -0400]
Notifications sent: 0
Message: Как прошел твой день? Сделай об этом запись в дневнике!

[Tue, 28 Jul 2020 04:40:01 -0400]
Notifications sent: 0
Message: Как прошел твой день? Сделай об этом запись в дневнике!

[Tue, 28 Jul 2020 04:50:02 -0400]
Notifications sent: 0
Message: Как прошел твой день? Сделай об этом запись в дневнике!

[Tue, 28 Jul 2020 05:00:03 -0400]
Notifications sent: 0
Message: Как прошел твой день? Сделай об этом запись в дневнике!

[Tue, 28 Jul 2020 05:10:01 -0400]
Notifications sent: 0
Message: Как прошел твой день? Сделай об этом запись в дневнике!

[Tue, 28 Jul 2020 05:20:01 -0400]
Notifications sent: 0
Message: Как прошел твой день? Сделай об этом запись в дневнике!

[Tue, 28 Jul 2020 05:30:02 -0400]
Notifications sent: 0
Message: Как прошел твой день? Сделай об этом запись в дневнике!

[Tue, 28 Jul 2020 05:40:02 -0400]
Notifications sent: 0
Message: Как прошел твой день? Сделай об этом запись в дневнике!

[Tue, 28 Jul 2020 05:50:02 -0400]
Notifications sent: 0
Message: Как прошел твой день? Сделай об этом запись в дневнике!

[Tue, 28 Jul 2020 06:00:03 -0400]
Notifications sent: 0
Message: Как прошел твой день? Сделай об этом запись в дневнике!

[Tue, 28 Jul 2020 06:10:01 -0400]
Notifications sent: 0
Message: Как прошел твой день? Сделай об этом запись в дневнике!

[Tue, 28 Jul 2020 06:20:02 -0400]
Notifications sent: 0
Message: Как прошел твой день? Сделай об этом запись в дневнике!

[Tue, 28 Jul 2020 06:30:03 -0400]
Notifications sent: 0
Message: Как прошел твой день? Сделай об этом запись в дневнике!

[Tue, 28 Jul 2020 06:40:02 -0400]
Notifications sent: 0
Message: Как прошел твой день? Сделай об этом запись в дневнике!

[Tue, 28 Jul 2020 06:50:02 -0400]
Notifications sent: 0
Message: Как прошел твой день? Сделай об этом запись в дневнике!

[Tue, 28 Jul 2020 07:00:02 -0400]
Notifications sent: 0
Message: Как прошел твой день? Сделай об этом запись в дневнике!

[Tue, 28 Jul 2020 07:10:01 -0400]
Notifications sent: 0
Message: Как прошел твой день? Сделай об этом запись в дневнике!

[Tue, 28 Jul 2020 07:20:02 -0400]
Notifications sent: 0
Message: Как прошел твой день? Сделай об этом запись в дневнике!

[Tue, 28 Jul 2020 07:30:02 -0400]
Notifications sent: 0
Message: Как прошел твой день? Сделай об этом запись в дневнике!

[Tue, 28 Jul 2020 07:40:02 -0400]
Notifications sent: 0
Message: Как прошел твой день? Сделай об этом запись в дневнике!

[Tue, 28 Jul 2020 07:50:03 -0400]
Notifications sent: 0
Message: Как прошел твой день? Сделай об этом запись в дневнике!

[Tue, 28 Jul 2020 08:00:02 -0400]
Notifications sent: 0
Message: Как прошел твой день? Сделай об этом запись в дневнике!

[Tue, 28 Jul 2020 08:10:01 -0400]
Notifications sent: 0
Message: Как прошел твой день? Сделай об этом запись в дневнике!

[Tue, 28 Jul 2020 08:20:02 -0400]
Notifications sent: 0
Message: Как прошел твой день? Сделай об этом запись в дневнике!

[Tue, 28 Jul 2020 08:30:02 -0400]
Notifications sent: 0
Message: Как прошел твой день? Сделай об этом запись в дневнике!

[Tue, 28 Jul 2020 08:40:01 -0400]
Notifications sent: 0
Message: Как прошел твой день? Сделай об этом запись в дневнике!

[Tue, 28 Jul 2020 08:50:02 -0400]
Notifications sent: 0
Message: Как прошел твой день? Сделай об этом запись в дневнике!

[Tue, 28 Jul 2020 09:00:03 -0400]
Notifications sent: 0
Message: Как прошел твой день? Сделай об этом запись в дневнике!

[Tue, 28 Jul 2020 09:10:02 -0400]
Notifications sent: 0
Message: Как прошел твой день? Сделай об этом запись в дневнике!

[Tue, 28 Jul 2020 09:20:02 -0400]
Notifications sent: 0
Message: Как прошел твой день? Сделай об этом запись в дневнике!

[Tue, 28 Jul 2020 09:30:03 -0400]
Notifications sent: 0
Message: Как прошел твой день? Сделай об этом запись в дневнике!

[Tue, 28 Jul 2020 09:40:02 -0400]
Notifications sent: 0
Message: Как прошел твой день? Сделай об этом запись в дневнике!

[Tue, 28 Jul 2020 09:50:02 -0400]
Notifications sent: 0
Message: Как прошел твой день? Сделай об этом запись в дневнике!

[Tue, 28 Jul 2020 10:00:02 -0400]
Notifications sent: 0
Message: Как прошел твой день? Сделай об этом запись в дневнике!

[Tue, 28 Jul 2020 10:10:02 -0400]
Notifications sent: 0
Message: Как прошел твой день? Сделай об этом запись в дневнике!

[Tue, 28 Jul 2020 10:20:01 -0400]
Notifications sent: 0
Message: Как прошел твой день? Сделай об этом запись в дневнике!

[Tue, 28 Jul 2020 10:30:03 -0400]
Notifications sent: 0
Message: Как прошел твой день? Сделай об этом запись в дневнике!

[Tue, 28 Jul 2020 10:40:01 -0400]
Notifications sent: 0
Message: Как прошел твой день? Сделай об этом запись в дневнике!

[Tue, 28 Jul 2020 10:50:03 -0400]
Notifications sent: 0
Message: Как прошел твой день? Сделай об этом запись в дневнике!

[Tue, 28 Jul 2020 11:00:03 -0400]
Notifications sent: 0
Message: Как прошел твой день? Сделай об этом запись в дневнике!

[Tue, 28 Jul 2020 11:10:02 -0400]
Notifications sent: 0
Message: Как прошел твой день? Сделай об этом запись в дневнике!

[Tue, 28 Jul 2020 11:20:01 -0400]
Notifications sent: 0
Message: Как прошел твой день? Сделай об этом запись в дневнике!

[Tue, 28 Jul 2020 11:30:02 -0400]
Notifications sent: 0
Message: Как прошел твой день? Сделай об этом запись в дневнике!

[Tue, 28 Jul 2020 11:40:01 -0400]
Notifications sent: 0
Message: Как прошел твой день? Сделай об этом запись в дневнике!

[Tue, 28 Jul 2020 11:50:02 -0400]
Notifications sent: 0
Message: Как прошел твой день? Сделай об этом запись в дневнике!

[Tue, 28 Jul 2020 12:00:03 -0400]
Notifications sent: 0
Message: Как прошел твой день? Сделай об этом запись в дневнике!

[Tue, 28 Jul 2020 12:10:03 -0400]
Notifications sent: 0
Message: Как прошел твой день? Сделай об этом запись в дневнике!

[Tue, 28 Jul 2020 12:20:02 -0400]
Notifications sent: 0
Message: Как прошел твой день? Сделай об этом запись в дневнике!

[Tue, 28 Jul 2020 12:30:03 -0400]
Notifications sent: 0
Message: Как прошел твой день? Сделай об этом запись в дневнике!

[Tue, 28 Jul 2020 12:40:03 -0400]
Notifications sent: 0
Message: Как прошел твой день? Сделай об этом запись в дневнике!

[Tue, 28 Jul 2020 12:50:03 -0400]
Notifications sent: 0
Message: Как прошел твой день? Сделай об этом запись в дневнике!

[Tue, 28 Jul 2020 13:00:03 -0400]
Notifications sent: 1
Message: Как прошел твой день? Сделай об этом запись в дневнике!
Successfully: 1, ≈100%

[Tue, 28 Jul 2020 13:10:02 -0400]
Notifications sent: 0
Message: Как прошел твой день? Сделай об этом запись в дневнике!

[Tue, 28 Jul 2020 13:20:01 -0400]
Notifications sent: 0
Message: Как прошел твой день? Сделай об этом запись в дневнике!

[Tue, 28 Jul 2020 13:30:02 -0400]
Notifications sent: 0
Message: Как прошел твой день? Сделай об этом запись в дневнике!

[Tue, 28 Jul 2020 13:40:01 -0400]
Notifications sent: 0
Message: Как прошел твой день? Сделай об этом запись в дневнике!

[Tue, 28 Jul 2020 13:50:01 -0400]
Notifications sent: 0
Message: Как прошел твой день? Сделай об этом запись в дневнике!

[Tue, 28 Jul 2020 14:00:02 -0400]
Notifications sent: 0
Message: Как прошел твой день? Сделай об этом запись в дневнике!

[Tue, 28 Jul 2020 14:10:02 -0400]
Notifications sent: 0
Message: Как прошел твой день? Сделай об этом запись в дневнике!

[Tue, 28 Jul 2020 14:20:02 -0400]
Notifications sent: 0
Message: Как прошел твой день? Сделай об этом запись в дневнике!

[Tue, 28 Jul 2020 14:30:02 -0400]
Notifications sent: 0
Message: Как прошел твой день? Сделай об этом запись в дневнике!

[Tue, 28 Jul 2020 14:40:01 -0400]
Notifications sent: 0
Message: Как прошел твой день? Сделай об этом запись в дневнике!

[Tue, 28 Jul 2020 14:50:02 -0400]
Notifications sent: 0
Message: Как прошел твой день? Сделай об этом запись в дневнике!

[Tue, 28 Jul 2020 15:00:02 -0400]
Notifications sent: 0
Message: Как прошел твой день? Сделай об этом запись в дневнике!

[Tue, 28 Jul 2020 15:10:02 -0400]
Notifications sent: 0
Message: Как прошел твой день? Сделай об этом запись в дневнике!

[Tue, 28 Jul 2020 15:20:02 -0400]
Notifications sent: 0
Message: Как прошел твой день? Сделай об этом запись в дневнике!

[Tue, 28 Jul 2020 15:30:02 -0400]
Notifications sent: 0
Message: Как прошел твой день? Сделай об этом запись в дневнике!

[Tue, 28 Jul 2020 15:40:01 -0400]
Notifications sent: 0
Message: Как прошел твой день? Сделай об этом запись в дневнике!

[Tue, 28 Jul 2020 15:50:02 -0400]
Notifications sent: 0
Message: Как прошел твой день? Сделай об этом запись в дневнике!

[Tue, 28 Jul 2020 16:00:03 -0400]
Notifications sent: 1
Message: Как прошел твой день? Сделай об этом запись в дневнике!
Successfully: 1, ≈100%

[Tue, 28 Jul 2020 16:10:02 -0400]
Notifications sent: 0
Message: Как прошел твой день? Сделай об этом запись в дневнике!

[Tue, 28 Jul 2020 16:20:02 -0400]
Notifications sent: 0
Message: Как прошел твой день? Сделай об этом запись в дневнике!

[Tue, 28 Jul 2020 16:30:03 -0400]
Notifications sent: 0
Message: Как прошел твой день? Сделай об этом запись в дневнике!

[Tue, 28 Jul 2020 16:40:02 -0400]
Notifications sent: 0
Message: Как прошел твой день? Сделай об этом запись в дневнике!

[Tue, 28 Jul 2020 16:50:02 -0400]
Notifications sent: 0
Message: Как прошел твой день? Сделай об этом запись в дневнике!

[Tue, 28 Jul 2020 17:00:03 -0400]
Notifications sent: 0
Message: Как прошел твой день? Сделай об этом запись в дневнике!

[Tue, 28 Jul 2020 17:10:02 -0400]
Notifications sent: 0
Message: Как прошел твой день? Сделай об этом запись в дневнике!

[Tue, 28 Jul 2020 17:20:02 -0400]
Notifications sent: 0
Message: Как прошел твой день? Сделай об этом запись в дневнике!

[Tue, 28 Jul 2020 17:30:02 -0400]
Notifications sent: 0
Message: Как прошел твой день? Сделай об этом запись в дневнике!

[Tue, 28 Jul 2020 17:40:02 -0400]
Notifications sent: 0
Message: Как прошел твой день? Сделай об этом запись в дневнике!

[Tue, 28 Jul 2020 17:50:02 -0400]
Notifications sent: 0
Message: Как прошел твой день? Сделай об этом запись в дневнике!

[Tue, 28 Jul 2020 18:00:02 -0400]
Notifications sent: 0
Message: Как прошел твой день? Сделай об этом запись в дневнике!

[Tue, 28 Jul 2020 18:10:02 -0400]
Notifications sent: 0
Message: Как прошел твой день? Сделай об этом запись в дневнике!

[Tue, 28 Jul 2020 18:20:02 -0400]
Notifications sent: 0
Message: Как прошел твой день? Сделай об этом запись в дневнике!

[Tue, 28 Jul 2020 18:30:02 -0400]
Notifications sent: 0
Message: Как прошел твой день? Сделай об этом запись в дневнике!

[Tue, 28 Jul 2020 18:40:02 -0400]
Notifications sent: 0
Message: Как прошел твой день? Сделай об этом запись в дневнике!

[Tue, 28 Jul 2020 18:50:02 -0400]
Notifications sent: 0
Message: Как прошел твой день? Сделай об этом запись в дневнике!

[Tue, 28 Jul 2020 19:00:03 -0400]
Notifications sent: 0
Message: Как прошел твой день? Сделай об этом запись в дневнике!

[Tue, 28 Jul 2020 19:10:02 -0400]
Notifications sent: 0
Message: Как прошел твой день? Сделай об этом запись в дневнике!

[Tue, 28 Jul 2020 19:20:02 -0400]
Notifications sent: 0
Message: Как прошел твой день? Сделай об этом запись в дневнике!

[Tue, 28 Jul 2020 19:30:02 -0400]
Notifications sent: 0
Message: Как прошел твой день? Сделай об этом запись в дневнике!

[Tue, 28 Jul 2020 19:40:01 -0400]
Notifications sent: 0
Message: Как прошел твой день? Сделай об этом запись в дневнике!

[Tue, 28 Jul 2020 19:50:02 -0400]
Notifications sent: 0
Message: Как прошел твой день? Сделай об этом запись в дневнике!

[Tue, 28 Jul 2020 20:00:02 -0400]
Notifications sent: 0
Message: Как прошел твой день? Сделай об этом запись в дневнике!

[Tue, 28 Jul 2020 20:10:01 -0400]
Notifications sent: 0
Message: Как прошел твой день? Сделай об этом запись в дневнике!

[Tue, 28 Jul 2020 20:20:02 -0400]
Notifications sent: 0
Message: Как прошел твой день? Сделай об этом запись в дневнике!

[Tue, 28 Jul 2020 20:30:02 -0400]
Notifications sent: 0
Message: Как прошел твой день? Сделай об этом запись в дневнике!

[Tue, 28 Jul 2020 20:40:02 -0400]
Notifications sent: 0
Message: Как прошел твой день? Сделай об этом запись в дневнике!

[Tue, 28 Jul 2020 20:50:02 -0400]
Notifications sent: 0
Message: Как прошел твой день? Сделай об этом запись в дневнике!

[Tue, 28 Jul 2020 21:00:02 -0400]
Notifications sent: 0
Message: Как прошел твой день? Сделай об этом запись в дневнике!

[Tue, 28 Jul 2020 21:10:02 -0400]
Notifications sent: 0
Message: Как прошел твой день? Сделай об этом запись в дневнике!

[Tue, 28 Jul 2020 21:20:02 -0400]
Notifications sent: 0
Message: Как прошел твой день? Сделай об этом запись в дневнике!

[Tue, 28 Jul 2020 21:30:01 -0400]
Notifications sent: 0
Message: Как прошел твой день? Сделай об этом запись в дневнике!

[Tue, 28 Jul 2020 21:40:02 -0400]
Notifications sent: 0
Message: Как прошел твой день? Сделай об этом запись в дневнике!

[Tue, 28 Jul 2020 21:50:02 -0400]
Notifications sent: 0
Message: Как прошел твой день? Сделай об этом запись в дневнике!

[Tue, 28 Jul 2020 22:00:02 -0400]
Notifications sent: 0
Message: Как прошел твой день? Сделай об этом запись в дневнике!

[Tue, 28 Jul 2020 22:10:02 -0400]
Notifications sent: 0
Message: Как прошел твой день? Сделай об этом запись в дневнике!

[Tue, 28 Jul 2020 22:20:02 -0400]
Notifications sent: 0
Message: Как прошел твой день? Сделай об этом запись в дневнике!

[Tue, 28 Jul 2020 22:30:02 -0400]
Notifications sent: 0
Message: Как прошел твой день? Сделай об этом запись в дневнике!

[Tue, 28 Jul 2020 22:40:02 -0400]
Notifications sent: 0
Message: Как прошел твой день? Сделай об этом запись в дневнике!

[Tue, 28 Jul 2020 22:50:02 -0400]
Notifications sent: 0
Message: Как прошел твой день? Сделай об этом запись в дневнике!

[Tue, 28 Jul 2020 23:00:03 -0400]
Notifications sent: 0
Message: Как прошел твой день? Сделай об этом запись в дневнике!

[Tue, 28 Jul 2020 23:10:02 -0400]
Notifications sent: 0
Message: Как прошел твой день? Сделай об этом запись в дневнике!

[Tue, 28 Jul 2020 23:20:02 -0400]
Notifications sent: 0
Message: Как прошел твой день? Сделай об этом запись в дневнике!

[Tue, 28 Jul 2020 23:30:02 -0400]
Notifications sent: 0
Message: Как прошел твой день? Сделай об этом запись в дневнике!

[Tue, 28 Jul 2020 23:40:02 -0400]
Notifications sent: 0
Message: Как прошел твой день? Сделай об этом запись в дневнике!

[Tue, 28 Jul 2020 23:50:01 -0400]
Notifications sent: 0
Message: Как прошел твой день? Сделай об этом запись в дневнике!

[Wed, 29 Jul 2020 00:00:03 -0400]
Notifications sent: 0
Message: Как прошел твой день? Сделай об этом запись в дневнике!

[Wed, 29 Jul 2020 00:10:02 -0400]
Notifications sent: 0
Message: Как прошел твой день? Сделай об этом запись в дневнике!

[Wed, 29 Jul 2020 00:20:02 -0400]
Notifications sent: 0
Message: Как прошел твой день? Сделай об этом запись в дневнике!

[Wed, 29 Jul 2020 00:30:02 -0400]
Notifications sent: 0
Message: Как прошел твой день? Сделай об этом запись в дневнике!

[Wed, 29 Jul 2020 00:40:03 -0400]
Notifications sent: 0
Message: Как прошел твой день? Сделай об этом запись в дневнике!

[Wed, 29 Jul 2020 00:50:02 -0400]
Notifications sent: 0
Message: Как прошел твой день? Сделай об этом запись в дневнике!

[Wed, 29 Jul 2020 01:00:02 -0400]
Notifications sent: 0
Message: Как прошел твой день? Сделай об этом запись в дневнике!

[Wed, 29 Jul 2020 01:10:03 -0400]
Notifications sent: 0
Message: Как прошел твой день? Сделай об этом запись в дневнике!

[Wed, 29 Jul 2020 01:20:03 -0400]
Notifications sent: 0
Message: Как прошел твой день? Сделай об этом запись в дневнике!

[Wed, 29 Jul 2020 01:30:02 -0400]
Notifications sent: 0
Message: Как прошел твой день? Сделай об этом запись в дневнике!

[Wed, 29 Jul 2020 01:40:02 -0400]
Notifications sent: 0
Message: Как прошел твой день? Сделай об этом запись в дневнике!

[Wed, 29 Jul 2020 01:50:03 -0400]
Notifications sent: 0
Message: Как прошел твой день? Сделай об этом запись в дневнике!

[Wed, 29 Jul 2020 02:00:02 -0400]
Notifications sent: 0
Message: Как прошел твой день? Сделай об этом запись в дневнике!

[Wed, 29 Jul 2020 02:10:02 -0400]
Notifications sent: 0
Message: Как прошел твой день? Сделай об этом запись в дневнике!

[Wed, 29 Jul 2020 02:20:02 -0400]
Notifications sent: 0
Message: Как прошел твой день? Сделай об этом запись в дневнике!

[Wed, 29 Jul 2020 02:30:02 -0400]
Notifications sent: 0
Message: Как прошел твой день? Сделай об этом запись в дневнике!

[Wed, 29 Jul 2020 02:40:02 -0400]
Notifications sent: 0
Message: Как прошел твой день? Сделай об этом запись в дневнике!

[Wed, 29 Jul 2020 02:50:02 -0400]
Notifications sent: 0
Message: Как прошел твой день? Сделай об этом запись в дневнике!

[Wed, 29 Jul 2020 03:00:02 -0400]
Notifications sent: 0
Message: Как прошел твой день? Сделай об этом запись в дневнике!

[Wed, 29 Jul 2020 03:10:02 -0400]
Notifications sent: 0
Message: Как прошел твой день? Сделай об этом запись в дневнике!

[Wed, 29 Jul 2020 03:20:02 -0400]
Notifications sent: 0
Message: Как прошел твой день? Сделай об этом запись в дневнике!

[Wed, 29 Jul 2020 03:30:01 -0400]
Notifications sent: 0
Message: Как прошел твой день? Сделай об этом запись в дневнике!

[Wed, 29 Jul 2020 03:40:03 -0400]
Notifications sent: 0
Message: Как прошел твой день? Сделай об этом запись в дневнике!

[Wed, 29 Jul 2020 03:50:02 -0400]
Notifications sent: 0
Message: Как прошел твой день? Сделай об этом запись в дневнике!

[Wed, 29 Jul 2020 04:00:02 -0400]
Notifications sent: 0
Message: Как прошел твой день? Сделай об этом запись в дневнике!

[Wed, 29 Jul 2020 04:10:02 -0400]
Notifications sent: 0
Message: Как прошел твой день? Сделай об этом запись в дневнике!

[Wed, 29 Jul 2020 04:20:02 -0400]
Notifications sent: 0
Message: Как прошел твой день? Сделай об этом запись в дневнике!

[Wed, 29 Jul 2020 04:30:01 -0400]
Notifications sent: 0
Message: Как прошел твой день? Сделай об этом запись в дневнике!

[Wed, 29 Jul 2020 04:40:02 -0400]
Notifications sent: 0
Message: Как прошел твой день? Сделай об этом запись в дневнике!

[Wed, 29 Jul 2020 04:50:02 -0400]
Notifications sent: 0
Message: Как прошел твой день? Сделай об этом запись в дневнике!

[Wed, 29 Jul 2020 05:00:04 -0400]
Notifications sent: 0
Message: Как прошел твой день? Сделай об этом запись в дневнике!

[Wed, 29 Jul 2020 05:10:02 -0400]
Notifications sent: 0
Message: Как прошел твой день? Сделай об этом запись в дневнике!

[Wed, 29 Jul 2020 05:20:02 -0400]
Notifications sent: 0
Message: Как прошел твой день? Сделай об этом запись в дневнике!

[Wed, 29 Jul 2020 05:30:03 -0400]
Notifications sent: 0
Message: Как прошел твой день? Сделай об этом запись в дневнике!

[Wed, 29 Jul 2020 05:40:03 -0400]
Notifications sent: 0
Message: Как прошел твой день? Сделай об этом запись в дневнике!

[Wed, 29 Jul 2020 05:50:02 -0400]
Notifications sent: 0
Message: Как прошел твой день? Сделай об этом запись в дневнике!

[Wed, 29 Jul 2020 06:00:06 -0400]
Notifications sent: 0
Message: Как прошел твой день? Сделай об этом запись в дневнике!

[Wed, 29 Jul 2020 06:10:03 -0400]
Notifications sent: 0
Message: Как прошел твой день? Сделай об этом запись в дневнике!

[Wed, 29 Jul 2020 06:20:01 -0400]
Notifications sent: 0
Message: Как прошел твой день? Сделай об этом запись в дневнике!

[Wed, 29 Jul 2020 06:30:02 -0400]
Notifications sent: 0
Message: Как прошел твой день? Сделай об этом запись в дневнике!

[Wed, 29 Jul 2020 06:40:02 -0400]
Notifications sent: 0
Message: Как прошел твой день? Сделай об этом запись в дневнике!

[Wed, 29 Jul 2020 06:50:02 -0400]
Notifications sent: 0
Message: Как прошел твой день? Сделай об этом запись в дневнике!

[Wed, 29 Jul 2020 07:00:03 -0400]
Notifications sent: 0
Message: Как прошел твой день? Сделай об этом запись в дневнике!

[Wed, 29 Jul 2020 07:10:02 -0400]
Notifications sent: 0
Message: Как прошел твой день? Сделай об этом запись в дневнике!

[Wed, 29 Jul 2020 07:20:03 -0400]
Notifications sent: 0
Message: Как прошел твой день? Сделай об этом запись в дневнике!

[Wed, 29 Jul 2020 07:30:02 -0400]
Notifications sent: 0
Message: Как прошел твой день? Сделай об этом запись в дневнике!

[Wed, 29 Jul 2020 07:40:02 -0400]
Notifications sent: 0
Message: Как прошел твой день? Сделай об этом запись в дневнике!

[Wed, 29 Jul 2020 07:50:02 -0400]
Notifications sent: 0
Message: Как прошел твой день? Сделай об этом запись в дневнике!

[Wed, 29 Jul 2020 08:00:02 -0400]
Notifications sent: 0
Message: Как прошел твой день? Сделай об этом запись в дневнике!

[Wed, 29 Jul 2020 08:10:03 -0400]
Notifications sent: 0
Message: Как прошел твой день? Сделай об этом запись в дневнике!

[Wed, 29 Jul 2020 08:20:02 -0400]
Notifications sent: 0
Message: Как прошел твой день? Сделай об этом запись в дневнике!

[Wed, 29 Jul 2020 08:30:03 -0400]
Notifications sent: 0
Message: Как прошел твой день? Сделай об этом запись в дневнике!

[Wed, 29 Jul 2020 08:40:02 -0400]
Notifications sent: 0
Message: Как прошел твой день? Сделай об этом запись в дневнике!

[Wed, 29 Jul 2020 08:50:02 -0400]
Notifications sent: 0
Message: Как прошел твой день? Сделай об этом запись в дневнике!

[Wed, 29 Jul 2020 09:00:02 -0400]
Notifications sent: 0
Message: Как прошел твой день? Сделай об этом запись в дневнике!

[Wed, 29 Jul 2020 09:10:02 -0400]
Notifications sent: 0
Message: Как прошел твой день? Сделай об этом запись в дневнике!

[Wed, 29 Jul 2020 09:20:02 -0400]
Notifications sent: 0
Message: Как прошел твой день? Сделай об этом запись в дневнике!

[Wed, 29 Jul 2020 09:30:02 -0400]
Notifications sent: 0
Message: Как прошел твой день? Сделай об этом запись в дневнике!

[Wed, 29 Jul 2020 09:40:02 -0400]
Notifications sent: 0
Message: Как прошел твой день? Сделай об этом запись в дневнике!

[Wed, 29 Jul 2020 09:50:01 -0400]
Notifications sent: 0
Message: Как прошел твой день? Сделай об этом запись в дневнике!

[Wed, 29 Jul 2020 10:00:04 -0400]
Notifications sent: 0
Message: Как прошел твой день? Сделай об этом запись в дневнике!

[Wed, 29 Jul 2020 10:10:02 -0400]
Notifications sent: 0
Message: Как прошел твой день? Сделай об этом запись в дневнике!

[Wed, 29 Jul 2020 10:20:02 -0400]
Notifications sent: 0
Message: Как прошел твой день? Сделай об этом запись в дневнике!

[Wed, 29 Jul 2020 10:30:02 -0400]
Notifications sent: 0
Message: Как прошел твой день? Сделай об этом запись в дневнике!

[Wed, 29 Jul 2020 10:40:03 -0400]
Notifications sent: 0
Message: Как прошел твой день? Сделай об этом запись в дневнике!

[Wed, 29 Jul 2020 10:50:02 -0400]
Notifications sent: 0
Message: Как прошел твой день? Сделай об этом запись в дневнике!

[Wed, 29 Jul 2020 11:00:02 -0400]
Notifications sent: 0
Message: Как прошел твой день? Сделай об этом запись в дневнике!

[Wed, 29 Jul 2020 11:10:02 -0400]
Notifications sent: 0
Message: Как прошел твой день? Сделай об этом запись в дневнике!

[Wed, 29 Jul 2020 11:20:02 -0400]
Notifications sent: 0
Message: Как прошел твой день? Сделай об этом запись в дневнике!

[Wed, 29 Jul 2020 11:30:02 -0400]
Notifications sent: 0
Message: Как прошел твой день? Сделай об этом запись в дневнике!

[Wed, 29 Jul 2020 11:40:01 -0400]
Notifications sent: 0
Message: Как прошел твой день? Сделай об этом запись в дневнике!

[Wed, 29 Jul 2020 11:50:02 -0400]
Notifications sent: 0
Message: Как прошел твой день? Сделай об этом запись в дневнике!

[Wed, 29 Jul 2020 12:00:02 -0400]
Notifications sent: 0
Message: Как прошел твой день? Сделай об этом запись в дневнике!

[Wed, 29 Jul 2020 12:10:02 -0400]
Notifications sent: 0
Message: Как прошел твой день? Сделай об этом запись в дневнике!

[Wed, 29 Jul 2020 12:20:03 -0400]
Notifications sent: 0
Message: Как прошел твой день? Сделай об этом запись в дневнике!

[Wed, 29 Jul 2020 12:30:02 -0400]
Notifications sent: 0
Message: Как прошел твой день? Сделай об этом запись в дневнике!

[Wed, 29 Jul 2020 12:40:02 -0400]
Notifications sent: 0
Message: Как прошел твой день? Сделай об этом запись в дневнике!

[Wed, 29 Jul 2020 12:50:02 -0400]
Notifications sent: 0
Message: Как прошел твой день? Сделай об этом запись в дневнике!

[Wed, 29 Jul 2020 13:00:04 -0400]
Notifications sent: 1
Message: Как прошел твой день? Сделай об этом запись в дневнике!
Successfully: 1, ≈100%

[Wed, 29 Jul 2020 13:10:01 -0400]
Notifications sent: 0
Message: Как прошел твой день? Сделай об этом запись в дневнике!

[Wed, 29 Jul 2020 13:20:03 -0400]
Notifications sent: 0
Message: Как прошел твой день? Сделай об этом запись в дневнике!

[Wed, 29 Jul 2020 13:30:05 -0400]
Notifications sent: 0
Message: Как прошел твой день? Сделай об этом запись в дневнике!

[Wed, 29 Jul 2020 13:40:03 -0400]
Notifications sent: 0
Message: Как прошел твой день? Сделай об этом запись в дневнике!

[Wed, 29 Jul 2020 13:50:03 -0400]
Notifications sent: 0
Message: Как прошел твой день? Сделай об этом запись в дневнике!

[Wed, 29 Jul 2020 14:00:02 -0400]
Notifications sent: 0
Message: Как прошел твой день? Сделай об этом запись в дневнике!

[Wed, 29 Jul 2020 14:10:01 -0400]
Notifications sent: 0
Message: Как прошел твой день? Сделай об этом запись в дневнике!

[Wed, 29 Jul 2020 14:20:01 -0400]
Notifications sent: 0
Message: Как прошел твой день? Сделай об этом запись в дневнике!

[Wed, 29 Jul 2020 14:30:02 -0400]
Notifications sent: 0
Message: Как прошел твой день? Сделай об этом запись в дневнике!

[Wed, 29 Jul 2020 14:40:02 -0400]
Notifications sent: 0
Message: Как прошел твой день? Сделай об этом запись в дневнике!

[Wed, 29 Jul 2020 14:50:03 -0400]
Notifications sent: 0
Message: Как прошел твой день? Сделай об этом запись в дневнике!

[Wed, 29 Jul 2020 15:00:03 -0400]
Notifications sent: 2
Message: Как прошел твой день? Сделай об этом запись в дневнике!
Successfully: 2, ≈100%

[Wed, 29 Jul 2020 15:10:01 -0400]
Notifications sent: 0
Message: Как прошел твой день? Сделай об этом запись в дневнике!

[Wed, 29 Jul 2020 15:20:02 -0400]
Notifications sent: 0
Message: Как прошел твой день? Сделай об этом запись в дневнике!

[Wed, 29 Jul 2020 15:30:02 -0400]
Notifications sent: 0
Message: Как прошел твой день? Сделай об этом запись в дневнике!

[Wed, 29 Jul 2020 15:40:03 -0400]
Notifications sent: 0
Message: Как прошел твой день? Сделай об этом запись в дневнике!

[Wed, 29 Jul 2020 15:50:02 -0400]
Notifications sent: 0
Message: Как прошел твой день? Сделай об этом запись в дневнике!

[Wed, 29 Jul 2020 16:00:02 -0400]
Notifications sent: 0
Message: Как прошел твой день? Сделай об этом запись в дневнике!

[Wed, 29 Jul 2020 16:10:01 -0400]
Notifications sent: 0
Message: Как прошел твой день? Сделай об этом запись в дневнике!

[Wed, 29 Jul 2020 16:20:01 -0400]
Notifications sent: 0
Message: Как прошел твой день? Сделай об этом запись в дневнике!

[Wed, 29 Jul 2020 16:30:02 -0400]
Notifications sent: 0
Message: Как прошел твой день? Сделай об этом запись в дневнике!

[Wed, 29 Jul 2020 16:40:02 -0400]
Notifications sent: 0
Message: Как прошел твой день? Сделай об этом запись в дневнике!

[Wed, 29 Jul 2020 16:50:02 -0400]
Notifications sent: 0
Message: Как прошел твой день? Сделай об этом запись в дневнике!

[Wed, 29 Jul 2020 17:00:03 -0400]
Notifications sent: 0
Message: Как прошел твой день? Сделай об этом запись в дневнике!

[Wed, 29 Jul 2020 17:10:02 -0400]
Notifications sent: 0
Message: Как прошел твой день? Сделай об этом запись в дневнике!

[Wed, 29 Jul 2020 17:20:02 -0400]
Notifications sent: 0
Message: Как прошел твой день? Сделай об этом запись в дневнике!

[Wed, 29 Jul 2020 17:30:02 -0400]
Notifications sent: 0
Message: Как прошел твой день? Сделай об этом запись в дневнике!

[Wed, 29 Jul 2020 17:40:01 -0400]
Notifications sent: 0
Message: Как прошел твой день? Сделай об этом запись в дневнике!

[Wed, 29 Jul 2020 17:50:02 -0400]
Notifications sent: 0
Message: Как прошел твой день? Сделай об этом запись в дневнике!

[Wed, 29 Jul 2020 18:00:09 -0400]
Notifications sent: 0
Message: Как прошел твой день? Сделай об этом запись в дневнике!

[Wed, 29 Jul 2020 18:10:03 -0400]
Notifications sent: 0
Message: Как прошел твой день? Сделай об этом запись в дневнике!

[Wed, 29 Jul 2020 18:20:02 -0400]
Notifications sent: 0
Message: Как прошел твой день? Сделай об этом запись в дневнике!

[Wed, 29 Jul 2020 18:30:03 -0400]
Notifications sent: 0
Message: Как прошел твой день? Сделай об этом запись в дневнике!

[Wed, 29 Jul 2020 18:40:03 -0400]
Notifications sent: 0
Message: Как прошел твой день? Сделай об этом запись в дневнике!

[Wed, 29 Jul 2020 18:50:01 -0400]
Notifications sent: 0
Message: Как прошел твой день? Сделай об этом запись в дневнике!

[Wed, 29 Jul 2020 19:00:02 -0400]
Notifications sent: 0
Message: Как прошел твой день? Сделай об этом запись в дневнике!

[Wed, 29 Jul 2020 19:10:02 -0400]
Notifications sent: 0
Message: Как прошел твой день? Сделай об этом запись в дневнике!

[Wed, 29 Jul 2020 19:20:02 -0400]
Notifications sent: 0
Message: Как прошел твой день? Сделай об этом запись в дневнике!

[Wed, 29 Jul 2020 19:30:03 -0400]
Notifications sent: 0
Message: Как прошел твой день? Сделай об этом запись в дневнике!

[Wed, 29 Jul 2020 19:40:02 -0400]
Notifications sent: 0
Message: Как прошел твой день? Сделай об этом запись в дневнике!

[Wed, 29 Jul 2020 19:50:02 -0400]
Notifications sent: 0
Message: Как прошел твой день? Сделай об этом запись в дневнике!

[Wed, 29 Jul 2020 20:00:03 -0400]
Notifications sent: 0
Message: Как прошел твой день? Сделай об этом запись в дневнике!

[Wed, 29 Jul 2020 20:10:02 -0400]
Notifications sent: 0
Message: Как прошел твой день? Сделай об этом запись в дневнике!

[Wed, 29 Jul 2020 20:20:02 -0400]
Notifications sent: 0
Message: Как прошел твой день? Сделай об этом запись в дневнике!

[Wed, 29 Jul 2020 20:30:03 -0400]
Notifications sent: 0
Message: Как прошел твой день? Сделай об этом запись в дневнике!

[Wed, 29 Jul 2020 20:40:01 -0400]
Notifications sent: 0
Message: Как прошел твой день? Сделай об этом запись в дневнике!

[Wed, 29 Jul 2020 20:50:02 -0400]
Notifications sent: 0
Message: Как прошел твой день? Сделай об этом запись в дневнике!

[Wed, 29 Jul 2020 21:00:03 -0400]
Notifications sent: 0
Message: Как прошел твой день? Сделай об этом запись в дневнике!

[Wed, 29 Jul 2020 21:10:01 -0400]
Notifications sent: 0
Message: Как прошел твой день? Сделай об этом запись в дневнике!

[Wed, 29 Jul 2020 21:20:02 -0400]
Notifications sent: 0
Message: Как прошел твой день? Сделай об этом запись в дневнике!

[Wed, 29 Jul 2020 21:30:02 -0400]
Notifications sent: 0
Message: Как прошел твой день? Сделай об этом запись в дневнике!

[Wed, 29 Jul 2020 21:40:02 -0400]
Notifications sent: 0
Message: Как прошел твой день? Сделай об этом запись в дневнике!

[Wed, 29 Jul 2020 21:50:01 -0400]
Notifications sent: 0
Message: Как прошел твой день? Сделай об этом запись в дневнике!

[Wed, 29 Jul 2020 22:00:02 -0400]
Notifications sent: 0
Message: Как прошел твой день? Сделай об этом запись в дневнике!

[Wed, 29 Jul 2020 22:10:02 -0400]
Notifications sent: 0
Message: Как прошел твой день? Сделай об этом запись в дневнике!

[Wed, 29 Jul 2020 22:20:02 -0400]
Notifications sent: 0
Message: Как прошел твой день? Сделай об этом запись в дневнике!

[Wed, 29 Jul 2020 22:30:02 -0400]
Notifications sent: 0
Message: Как прошел твой день? Сделай об этом запись в дневнике!

[Wed, 29 Jul 2020 22:40:02 -0400]
Notifications sent: 0
Message: Как прошел твой день? Сделай об этом запись в дневнике!

[Wed, 29 Jul 2020 22:50:02 -0400]
Notifications sent: 0
Message: Как прошел твой день? Сделай об этом запись в дневнике!

[Wed, 29 Jul 2020 23:00:02 -0400]
Notifications sent: 0
Message: Как прошел твой день? Сделай об этом запись в дневнике!

[Wed, 29 Jul 2020 23:10:02 -0400]
Notifications sent: 0
Message: Как прошел твой день? Сделай об этом запись в дневнике!

[Wed, 29 Jul 2020 23:20:03 -0400]
Notifications sent: 0
Message: Как прошел твой день? Сделай об этом запись в дневнике!

[Wed, 29 Jul 2020 23:30:01 -0400]
Notifications sent: 0
Message: Как прошел твой день? Сделай об этом запись в дневнике!

[Wed, 29 Jul 2020 23:40:02 -0400]
Notifications sent: 0
Message: Как прошел твой день? Сделай об этом запись в дневнике!

[Wed, 29 Jul 2020 23:50:02 -0400]
Notifications sent: 0
Message: Как прошел твой день? Сделай об этом запись в дневнике!

[Thu, 30 Jul 2020 00:00:02 -0400]
Notifications sent: 0
Message: Как прошел твой день? Сделай об этом запись в дневнике!

[Thu, 30 Jul 2020 00:10:02 -0400]
Notifications sent: 0
Message: Как прошел твой день? Сделай об этом запись в дневнике!

[Thu, 30 Jul 2020 00:20:03 -0400]
Notifications sent: 0
Message: Как прошел твой день? Сделай об этом запись в дневнике!

[Thu, 30 Jul 2020 00:30:02 -0400]
Notifications sent: 0
Message: Как прошел твой день? Сделай об этом запись в дневнике!

[Thu, 30 Jul 2020 00:40:03 -0400]
Notifications sent: 0
Message: Как прошел твой день? Сделай об этом запись в дневнике!

[Thu, 30 Jul 2020 00:50:01 -0400]
Notifications sent: 0
Message: Как прошел твой день? Сделай об этом запись в дневнике!

[Thu, 30 Jul 2020 01:00:02 -0400]
Notifications sent: 0
Message: Как прошел твой день? Сделай об этом запись в дневнике!

[Thu, 30 Jul 2020 01:10:02 -0400]
Notifications sent: 0
Message: Как прошел твой день? Сделай об этом запись в дневнике!

[Thu, 30 Jul 2020 01:20:02 -0400]
Notifications sent: 0
Message: Как прошел твой день? Сделай об этом запись в дневнике!

[Thu, 30 Jul 2020 01:30:02 -0400]
Notifications sent: 0
Message: Как прошел твой день? Сделай об этом запись в дневнике!

[Thu, 30 Jul 2020 01:40:01 -0400]
Notifications sent: 0
Message: Как прошел твой день? Сделай об этом запись в дневнике!

[Thu, 30 Jul 2020 01:50:02 -0400]
Notifications sent: 0
Message: Как прошел твой день? Сделай об этом запись в дневнике!

[Thu, 30 Jul 2020 02:00:02 -0400]
Notifications sent: 0
Message: Как прошел твой день? Сделай об этом запись в дневнике!

[Thu, 30 Jul 2020 02:10:02 -0400]
Notifications sent: 0
Message: Как прошел твой день? Сделай об этом запись в дневнике!

[Thu, 30 Jul 2020 02:20:02 -0400]
Notifications sent: 0
Message: Как прошел твой день? Сделай об этом запись в дневнике!

[Thu, 30 Jul 2020 02:30:02 -0400]
Notifications sent: 0
Message: Как прошел твой день? Сделай об этом запись в дневнике!

[Thu, 30 Jul 2020 02:40:02 -0400]
Notifications sent: 0
Message: Как прошел твой день? Сделай об этом запись в дневнике!

[Thu, 30 Jul 2020 02:50:02 -0400]
Notifications sent: 0
Message: Как прошел твой день? Сделай об этом запись в дневнике!

[Thu, 30 Jul 2020 03:00:02 -0400]
Notifications sent: 0
Message: Как прошел твой день? Сделай об этом запись в дневнике!

[Thu, 30 Jul 2020 03:10:01 -0400]
Notifications sent: 0
Message: Как прошел твой день? Сделай об этом запись в дневнике!

[Thu, 30 Jul 2020 03:20:02 -0400]
Notifications sent: 0
Message: Как прошел твой день? Сделай об этом запись в дневнике!

[Thu, 30 Jul 2020 03:30:02 -0400]
Notifications sent: 0
Message: Как прошел твой день? Сделай об этом запись в дневнике!

[Thu, 30 Jul 2020 03:40:02 -0400]
Notifications sent: 0
Message: Как прошел твой день? Сделай об этом запись в дневнике!

[Thu, 30 Jul 2020 03:50:02 -0400]
Notifications sent: 0
Message: Как прошел твой день? Сделай об этом запись в дневнике!

[Thu, 30 Jul 2020 04:00:02 -0400]
Notifications sent: 0
Message: Как прошел твой день? Сделай об этом запись в дневнике!

[Thu, 30 Jul 2020 04:10:02 -0400]
Notifications sent: 0
Message: Как прошел твой день? Сделай об этом запись в дневнике!

[Thu, 30 Jul 2020 04:20:02 -0400]
Notifications sent: 0
Message: Как прошел твой день? Сделай об этом запись в дневнике!

[Thu, 30 Jul 2020 04:30:02 -0400]
Notifications sent: 0
Message: Как прошел твой день? Сделай об этом запись в дневнике!

[Thu, 30 Jul 2020 04:40:02 -0400]
Notifications sent: 0
Message: Как прошел твой день? Сделай об этом запись в дневнике!

[Thu, 30 Jul 2020 04:50:02 -0400]
Notifications sent: 0
Message: Как прошел твой день? Сделай об этом запись в дневнике!
